<?xml version="1.0" encoding="UTF-8"?>
<coverage generated="1771542467569" clover="3.2.0">
  <project timestamp="1771542467569" name="All files">
    <metrics statements="21" coveredstatements="19" conditionals="6" coveredconditionals="5" methods="8" coveredmethods="6" elements="35" coveredelements="30" complexity="0" loc="21" ncloc="21" packages="1" files="3" classes="3"/>
    <file name="Note.jsx" path="/home/oswaldo/Escritorio/fullstackopen-practice/fullstackopen-practice/practice/src/components/Note.jsx">
      <metrics statements="3" coveredstatements="3" conditionals="2" coveredconditionals="1" methods="1" coveredmethods="1"/>
      <line num="3" count="1" type="stmt"/>
      <line num="4" count="3" type="cond" truecount="1" falsecount="1"/>
      <line num="5" count="3" type="stmt"/>
    </file>
    <file name="NoteForm.jsx" path="/home/oswaldo/Escritorio/fullstackopen-practice/fullstackopen-practice/practice/src/components/NoteForm.jsx">
      <metrics statements="9" coveredstatements="8" conditionals="0" coveredconditionals="0" methods="4" coveredmethods="3"/>
      <line num="3" count="1" type="stmt"/>
      <line num="4" count="19" type="stmt"/>
      <line num="6" count="19" type="stmt"/>
      <line num="8" count="19" type="stmt"/>
      <line num="9" count="1" type="stmt"/>
      <line num="11" count="1" type="stmt"/>
      <line num="12" count="1" type="stmt"/>
      <line num="15" count="19" type="stmt"/>
      <line num="25" count="0" type="stmt"/>
    </file>
    <file name="Togglable.jsx" path="/home/oswaldo/Escritorio/fullstackopen-practice/fullstackopen-practice/practice/src/components/Togglable.jsx">
      <metrics statements="9" coveredstatements="8" conditionals="4" coveredconditionals="4" methods="3" coveredmethods="2"/>
      <line num="2" count="1" type="stmt"/>
      <line num="3" count="7" type="stmt"/>
      <line num="5" count="7" type="cond" truecount="2" falsecount="0"/>
      <line num="6" count="7" type="cond" truecount="2" falsecount="0"/>
      <line num="8" count="7" type="stmt"/>
      <line num="9" count="3" type="stmt"/>
      <line num="12" count="7" type="stmt"/>
      <line num="13" count="0" type="stmt"/>
      <line num="18" count="7" type="stmt"/>
    </file>
  </project>
</coverage>
