{"/home/oswaldo/Escritorio/fullstackopen-practice/fullstackopen-practice/practice/src/components/Note.jsx": {"path":"/home/oswaldo/Escritorio/fullstackopen-practice/fullstackopen-practice/practice/src/components/Note.jsx","statementMap":{"0":{"start":{"line":3,"column":13},"end":{"line":11,"column":null}},"1":{"start":{"line":4,"column":16},"end":{"line":4,"column":null}},"2":{"start":{"line":5,"column":2},"end":{"line":9,"column":null}}},"fnMap":{"0":{"name":"(anonymous_0)","decl":{"start":{"line":3,"column":13},"end":{"line":3,"column":14}},"loc":{"start":{"line":3,"column":45},"end":{"line":11,"column":null}},"line":3}},"branchMap":{"0":{"loc":{"start":{"line":4,"column":16},"end":{"line":4,"column":null}},"type":"cond-expr","locations":[{"start":{"line":4,"column":33},"end":{"line":4,"column":56}},{"start":{"line":4,"column":56},"end":{"line":4,"column":null}}],"line":4}},"s":{"0":1,"1":3,"2":3},"f":{"0":3},"b":{"0":[3,0]},"meta":{"lastBranch":1,"lastFunction":1,"lastStatement":3,"seen":{"s:3:13:11:Infinity":0,"f:3:13:3:14":0,"s:4:16:4:Infinity":1,"b:4:33:4:56:4:56:4:Infinity":0,"s:5:2:9:Infinity":2}}}
,"/home/oswaldo/Escritorio/fullstackopen-practice/fullstackopen-practice/practice/src/components/NoteForm.jsx": {"path":"/home/oswaldo/Escritorio/fullstackopen-practice/fullstackopen-practice/practice/src/components/NoteForm.jsx","statementMap":{"0":{"start":{"line":3,"column":17},"end":{"line":30,"column":null}},"1":{"start":{"line":4,"column":28},"end":{"line":4,"column":null}},"2":{"start":{"line":6,"column":23},"end":{"line":6,"column":null}},"3":{"start":{"line":6,"column":34},"end":{"line":6,"column":null}},"4":{"start":{"line":8,"column":18},"end":{"line":13,"column":null}},"5":{"start":{"line":9,"column":4},"end":{"line":9,"column":null}},"6":{"start":{"line":11,"column":4},"end":{"line":11,"column":null}},"7":{"start":{"line":12,"column":4},"end":{"line":12,"column":null}},"8":{"start":{"line":15,"column":2},"end":{"line":28,"column":null}},"9":{"start":{"line":25,"column":46},"end":{"line":25,"column":73}}},"fnMap":{"0":{"name":"(anonymous_0)","decl":{"start":{"line":3,"column":17},"end":{"line":3,"column":18}},"loc":{"start":{"line":3,"column":37},"end":{"line":30,"column":null}},"line":3},"1":{"name":"(anonymous_1)","decl":{"start":{"line":6,"column":23},"end":{"line":6,"column":24}},"loc":{"start":{"line":6,"column":34},"end":{"line":6,"column":null}},"line":6},"2":{"name":"(anonymous_2)","decl":{"start":{"line":8,"column":18},"end":{"line":8,"column":19}},"loc":{"start":{"line":8,"column":29},"end":{"line":13,"column":null}},"line":8},"3":{"name":"(anonymous_3)","decl":{"start":{"line":25,"column":40},"end":{"line":25,"column":46}},"loc":{"start":{"line":25,"column":46},"end":{"line":25,"column":73}},"line":25}},"branchMap":{},"s":{"0":1,"1":19,"2":19,"3":17,"4":19,"5":1,"6":1,"7":1,"8":19,"9":0},"f":{"0":19,"1":17,"2":1,"3":0},"b":{},"meta":{"lastBranch":0,"lastFunction":4,"lastStatement":10,"seen":{"s:3:17:30:Infinity":0,"f:3:17:3:18":0,"s:4:28:4:Infinity":1,"s:6:23:6:Infinity":2,"f:6:23:6:24":1,"s:6:34:6:Infinity":3,"s:8:18:13:Infinity":4,"f:8:18:8:19":2,"s:9:4:9:Infinity":5,"s:11:4:11:Infinity":6,"s:12:4:12:Infinity":7,"s:15:2:28:Infinity":8,"f:25:40:25:46":3,"s:25:46:25:73":9}}}
,"/home/oswaldo/Escritorio/fullstackopen-practice/fullstackopen-practice/practice/src/components/Togglable.jsx": {"path":"/home/oswaldo/Escritorio/fullstackopen-practice/fullstackopen-practice/practice/src/components/Togglable.jsx","statementMap":{"0":{"start":{"line":2,"column":6},"end":{"line":29,"column":null}},"1":{"start":{"line":3,"column":28},"end":{"line":3,"column":null}},"2":{"start":{"line":5,"column":26},"end":{"line":5,"column":null}},"3":{"start":{"line":6,"column":26},"end":{"line":6,"column":null}},"4":{"start":{"line":8,"column":27},"end":{"line":10,"column":null}},"5":{"start":{"line":9,"column":4},"end":{"line":9,"column":null}},"6":{"start":{"line":12,"column":2},"end":{"line":16,"column":null}},"7":{"start":{"line":13,"column":4},"end":{"line":15,"column":null}},"8":{"start":{"line":18,"column":2},"end":{"line":27,"column":null}}},"fnMap":{"0":{"name":"(anonymous_0)","decl":{"start":{"line":2,"column":29},"end":{"line":2,"column":30}},"loc":{"start":{"line":2,"column":46},"end":{"line":29,"column":1}},"line":2},"1":{"name":"(anonymous_1)","decl":{"start":{"line":8,"column":27},"end":{"line":8,"column":33}},"loc":{"start":{"line":8,"column":33},"end":{"line":10,"column":null}},"line":8},"2":{"name":"(anonymous_2)","decl":{"start":{"line":12,"column":28},"end":{"line":12,"column":34}},"loc":{"start":{"line":12,"column":34},"end":{"line":16,"column":3}},"line":12}},"branchMap":{"0":{"loc":{"start":{"line":5,"column":37},"end":{"line":5,"column":59}},"type":"cond-expr","locations":[{"start":{"line":5,"column":47},"end":{"line":5,"column":56}},{"start":{"line":5,"column":56},"end":{"line":5,"column":59}}],"line":5},"1":{"loc":{"start":{"line":6,"column":37},"end":{"line":6,"column":59}},"type":"cond-expr","locations":[{"start":{"line":6,"column":47},"end":{"line":6,"column":52}},{"start":{"line":6,"column":52},"end":{"line":6,"column":59}}],"line":6}},"s":{"0":1,"1":7,"2":7,"3":7,"4":7,"5":3,"6":7,"7":0,"8":7},"f":{"0":7,"1":3,"2":0},"b":{"0":[2,5],"1":[2,5]},"meta":{"lastBranch":2,"lastFunction":3,"lastStatement":9,"seen":{"s:2:6:29:Infinity":0,"f:2:29:2:30":0,"s:3:28:3:Infinity":1,"s:5:26:5:Infinity":2,"b:5:47:5:56:5:56:5:59":0,"s:6:26:6:Infinity":3,"b:6:47:6:52:6:52:6:59":1,"s:8:27:10:Infinity":4,"f:8:27:8:33":1,"s:9:4:9:Infinity":5,"s:12:2:16:Infinity":6,"f:12:28:12:34":2,"s:13:4:15:Infinity":7,"s:18:2:27:Infinity":8}}}
}
